<?xml version="1.0" encoding="UTF-8"?>
<testng-results skipped="0" failed="0" ignored="0" total="1" passed="1">
  <reporter-output>
  </reporter-output>
  <suite name="Surefire suite" duration-ms="36336" started-at="2021-01-20T13:50:06 EST" finished-at="2021-01-20T13:50:42 EST">
    <groups>
      <group name="cucumber">
        <method signature="AbstractTestNGCucumberTests.runScenario(io.cucumber.testng.PickleWrapper, io.cucumber.testng.FeatureWrapper)[pri:0, instance:webmd.runner.WebmdRunner$WebmdRunnerTest@57e1b0c]" name="runScenario" class="io.cucumber.testng.AbstractTestNGCucumberTests"/>
      </group> <!-- cucumber -->
    </groups>
    <test name="Surefire test" duration-ms="36336" started-at="2021-01-20T13:50:06 EST" finished-at="2021-01-20T13:50:42 EST">
      <class name="webmd.runner.WebmdRunner$WebmdRunnerTest">
        <test-method status="PASS" signature="setUpClass()[pri:0, instance:webmd.runner.WebmdRunner$WebmdRunnerTest@57e1b0c]" name="setUpClass" is-config="true" duration-ms="294" started-at="2021-01-20T13:50:06 EST" finished-at="2021-01-20T13:50:06 EST">
          <reporter-output>
          </reporter-output>
        </test-method> <!-- setUpClass -->
        <test-method status="PASS" signature="runScenario(io.cucumber.testng.PickleWrapper, io.cucumber.testng.FeatureWrapper)[pri:0, instance:webmd.runner.WebmdRunner$WebmdRunnerTest@57e1b0c]" name="runScenario" duration-ms="35973" started-at="2021-01-20T13:50:06 EST" description="Runs Cucumber Scenarios" data-provider="scenarios" finished-at="2021-01-20T13:50:42 EST">
          <params>
            <param index="0">
              <value>
                <![CDATA["As a user I want to create sign up account"]]>
              </value>
            </param>
            <param index="1">
              <value>
                <![CDATA["Signup feature"]]>
              </value>
            </param>
          </params>
          <reporter-output>
          </reporter-output>
        </test-method> <!-- runScenario -->
        <test-method status="PASS" signature="tearDownClass()[pri:0, instance:webmd.runner.WebmdRunner$WebmdRunnerTest@57e1b0c]" name="tearDownClass" is-config="true" duration-ms="41" started-at="2021-01-20T13:50:42 EST" finished-at="2021-01-20T13:50:42 EST">
          <reporter-output>
          </reporter-output>
        </test-method> <!-- tearDownClass -->
      </class> <!-- webmd.runner.WebmdRunner$WebmdRunnerTest -->
    </test> <!-- Surefire test -->
  </suite> <!-- Surefire suite -->
</testng-results>
