<?xml version="1.0" encoding="UTF-8"?>
<testsuite xmlns:xsi="http://www.w3.org/2001/XMLSchema-instance" xsi:noNamespaceSchemaLocation="https://maven.apache.org/surefire/maven-surefire-plugin/xsd/surefire-test-report-3.0.xsd" version="3.0" name="TestSuite" time="36.728" tests="1" errors="0" skipped="0" failures="0">
  <properties>
[...]
</properties>
  <testcase name="runScenario[&quot;As a user I want to create sign up account&quot;, &quot;Signup feature&quot;](1)" classname="webmd.runner.WebmdRunner$WebmdRunnerTest" time="35.985">
    <system-out><![CDATA[
Scenario: As a user I want to create sign up account # src/test/resources/Features/SignupFeature.feature:6
..Chrome Driver initialization..
..Chrome Driver initialized..
scen.getName()
  Given user navigate the url                        # webmd.stepDef.SignupStepDef.user_navigate_the_url()
  When click on singin link                          # webmd.stepDef.SignupStepDef.click_on_singin_link()
  And click on signup link                           # webmd.stepDef.SignupStepDef.click_on_signup_link()
  And input email , password , dob                   # webmd.stepDef.SignupStepDef.input_email_password_dob()
  And click on signup button                         # webmd.stepDef.SignupStepDef.click_on_signup_button()
  Then I can see my profile text                     # webmd.stepDef.SignupStepDef.i_can_see_my_profile_text()
..Test End..
..Closing Chrome Browser Starts..
..Closing Chrome Browser End..
]]></system-out>
    <system-err><![CDATA[Jan 20, 2021 1:50:06 PM io.cucumber.testng.TestNGCucumberRunner <init>
WARNING: By default Cucumber is running in --non-strict mode.
This default will change to --strict and --non-strict will be removed.
You can use --strict or @CucumberOptions(strict = true) to suppress this warning
SLF4J: Failed to load class "org.slf4j.impl.StaticLoggerBinder".
SLF4J: Defaulting to no-operation (NOP) logger implementation
SLF4J: See http://www.slf4j.org/codes.html#StaticLoggerBinder for further details.
Starting ChromeDriver 87.0.4280.88 (89e2380a3e36c3464b5dd1302349b1382549290d-refs/branch-heads/4280@{#1761}) on port 13756
Only local connections are allowed.
Please see https://chromedriver.chromium.org/security-considerations for suggestions on keeping ChromeDriver safe.
ChromeDriver was started successfully.
Jan 20, 2021 1:50:10 PM org.openqa.selenium.remote.ProtocolHandshake createSession
INFO: Detected dialect: W3C
]]></system-err>
  </testcase>
</testsuite>